<?xml version="1.0" encoding="UTF-8"?>
<!-- Generated by org.testng.reporters.JUnitXMLReporter -->
<testsuite ignored="1" hostname="DESKTOP-O6ATIMC" failures="0" tests="1" name="Default test" time="23.711" errors="0" timestamp="2024-09-11T18:31:08 IST">
  <testcase classname="raviacademy.ErrorValidations" name="productValidation" time="15.307"/>
  <testcase classname="raviacademy.ErrorValidations" name="LoginVerification" time="0.0">
    <ignored/>
  </testcase> <!-- LoginVerification -->
</testsuite> <!-- Default test -->
