<?xml version="1.0" encoding="UTF-8"?>
<!-- Generated by org.testng.reporters.JUnitXMLReporter -->
<testsuite ignored="1" hostname="DESKTOP-O6ATIMC" failures="1" tests="1" name="Error validations test" time="7.538" errors="0" timestamp="2024-09-10T14:02:16 IST">
  <testcase classname="raviacademy.ErrorValidations" name="submitOrder" time="0.65">
    <failure type="java.lang.AssertionError" message="expected [true] but found [false]">
      <![CDATA[java.lang.AssertionError: expected [true] but found [false]
at raviacademy.ErrorValidations.submitOrder(ErrorValidations.java:21)
at java.base/java.util.ArrayList.forEach(ArrayList.java:1596)
... Removed 29 stack frames]]>
    </failure>
  </testcase> <!-- submitOrder -->
  <testcase classname="raviacademy.ErrorValidations" name="productValidation" time="0.0">
    <ignored/>
  </testcase> <!-- productValidation -->
</testsuite> <!-- Error validations test -->
