<?xml version="1.0" encoding="UTF-8"?>
<!-- Generated by org.testng.reporters.JUnitXMLReporter -->
<testsuite ignored="0" hostname="DESKTOP-O6ATIMC" failures="0" tests="3" name="Test" time="59.741" errors="0" timestamp="2024-09-09T17:16:07 IST">
  <testcase classname="raviacademy.StandAloneTest2" name="submitOrder" time="15.19"/>
  <testcase classname="raviacademy.ErrorValidations" name="productValidation" time="26.936"/>
  <testcase classname="raviacademy.ErrorValidations" name="submitOrder" time="0.489"/>
</testsuite> <!-- Test -->
