<?xml version="1.0" encoding="UTF-8"?>
<!-- Generated by org.testng.reporters.JUnitXMLReporter -->
<testsuite ignored="1" hostname="DESKTOP-O6ATIMC" failures="0" tests="1" name="Error validations test" time="11.573" errors="0" timestamp="2024-09-10T21:35:21 IST">
  <testcase classname="raviacademy.ErrorValidations" name="LoginVerification" time="0.834"/>
  <testcase classname="raviacademy.ErrorValidations" name="productValidation" time="0.0">
    <ignored/>
  </testcase> <!-- productValidation -->
</testsuite> <!-- Error validations test -->
