<?xml version="1.0" encoding="UTF-8"?>
<testng-results ignored="0" total="1" passed="1" failed="0" skipped="0">
  <reporter-output>
  </reporter-output>
  <suite started-at="2024-09-11T18:30:44 IST" name="Default suite" finished-at="2024-09-11T18:31:08 IST" duration-ms="23711">
    <groups>
    </groups>
    <test started-at="2024-09-11T18:30:44 IST" name="Default test" finished-at="2024-09-11T18:31:08 IST" duration-ms="23711">
      <class name="raviacademy.ErrorValidations">
        <test-method is-config="true" signature="launchApplication()[pri:0, instance:raviacademy.ErrorValidations@11392934]" started-at="2024-09-11T18:30:44 IST" name="launchApplication" finished-at="2024-09-11T18:30:52 IST" duration-ms="7814" status="PASS">
          <reporter-output>
          </reporter-output>
        </test-method> <!-- launchApplication -->
        <test-method signature="productValidation()[pri:0, instance:raviacademy.ErrorValidations@11392934]" started-at="2024-09-11T18:30:52 IST" name="productValidation" finished-at="2024-09-11T18:31:07 IST" duration-ms="15307" status="PASS">
          <reporter-output>
          </reporter-output>
        </test-method> <!-- productValidation -->
        <test-method is-config="true" signature="tearDown()[pri:0, instance:raviacademy.ErrorValidations@11392934]" started-at="2024-09-11T18:31:07 IST" name="tearDown" finished-at="2024-09-11T18:31:08 IST" duration-ms="476" status="PASS">
          <reporter-output>
          </reporter-output>
        </test-method> <!-- tearDown -->
      </class> <!-- raviacademy.ErrorValidations -->
    </test> <!-- Default test -->
  </suite> <!-- Default suite -->
</testng-results>
